natom=1138 nres=185 tsnap=1e-12 nbloc=10000
epot=49.4047 ekin=1017.1 etot=1066.51 epothb=0 nhb=75
Temps 1e-12 hbonds 75 epot -1460.65 198.72
Temps 2e-12 hbonds 76 epot -1566.82 143.085
Temps 3e-12 hbonds 76 epot -1397.05 285.797
Temps 4e-12 hbonds 76 epot -1435.04 287.054
Temps 5e-12 hbonds 75 epot -1453.3 282.058
Temps 6e-12 hbonds 75 epot -1350.94 406.251
Temps 7e-12 hbonds 76 epot -1427.66 333.501
Temps 8e-12 hbonds 76 epot -1385.56 380.344
Temps 9e-12 hbonds 76 epot -1361 415.896
Temps 1e-11 hbonds 78 epot -1440.34 363.822
Temps 1.1e-11 hbonds 77 epot -1488.61 303.976
Temps 1.2e-11 hbonds 77 epot -1370.41 400.344
Temps 1.3e-11 hbonds 76 epot -1454.42 346.356
Temps 1.4e-11 hbonds 76 epot -1518.3 281.703
Temps 1.5e-11 hbonds 76 epot -1427.31 388.614
Temps 1.6e-11 hbonds 76 epot -1457.06 355.78
Temps 1.7e-11 hbonds 76 epot -1467 362.96
Temps 1.8e-11 hbonds 76 epot -1366.22 460.064
Temps 1.9e-11 hbonds 76 epot -1363.69 453.385
Temps 2e-11 hbonds 76 epot -1440.41 405.835
Temps 2.1e-11 hbonds 75 epot -1375.59 504.711
Temps 2.2e-11 hbonds 75 epot -1517.89 352.147
Temps 2.3e-11 hbonds 75 epot -1389.43 522.239
Temps 2.4e-11 hbonds 75 epot -1407.21 522.551
Temps 2.5e-11 hbonds 75 epot -1424.43 481.684
Temps 2.6e-11 hbonds 74 epot -1435.92 463.739
Temps 2.7e-11 hbonds 73 epot -1296.41 618.343
Temps 2.8e-11 hbonds 75 epot -1489.18 448.164
Temps 2.9e-11 hbonds 74 epot -1480.96 468.738
Temps 3e-11 hbonds 76 epot -1417.04 487.104
Temps 3.1e-11 hbonds 74 epot -1447.64 450.073
Temps 3.2e-11 hbonds 72 epot -1362.12 579.814
Temps 3.3e-11 hbonds 72 epot -1388.9 515.758
Temps 3.4e-11 hbonds 72 epot -1291.29 595.122
